[09/08/2022 10:43:13] Debug: Session id: 0844b9a9-4374-431e-9d2a-d24f7f24c8dc
[09/08/2022 10:43:13] Debug: Code Processor information: Name :SnowConvert, Version: 9.0.14.0
[09/08/2022 10:43:14] Debug: Getting license
[09/08/2022 10:43:14] Debug: License information
	Status: Failed
	Message: No active license available.
[09/08/2022 10:43:14] Info: Starting to validate parameters
[09/08/2022 10:43:14] Info: Parameters to validate: 
	Execution mode: Conversion
	LICENSE_KEY: a3372138-b87e-4a08-b929-3b48b24c63f1
[09/08/2022 10:43:14] Info: Validation of parameters: Success
[09/08/2022 10:43:14] Debug: Getting code descriptor
[09/08/2022 10:43:14] Debug: Code descriptor information
	Units: 51
	Units type: LOC
	All file bytes: 2141
	All found extensions: .sql,.dml,.ddl,.bteq,.btq,.fl,.fload,.ml,.mload,.mld,.tp,.tpump,.tpt
[09/08/2022 10:43:14] Debug: Calculating fingerprint
[09/08/2022 10:43:14] Debug: Fingerprint information Fingerprint(size=2141,projects=1)
[09/08/2022 10:43:14] Info: Starting to try to validate online license for execution
[09/08/2022 10:43:16] Debug: Getting license
[09/08/2022 10:43:16] Debug: License information
	Status: Failed
	Message: No active license available.
[09/08/2022 10:43:16] Debug: Starting the execution of the controller
[09/08/2022 10:43:17] Debug: Executing the worker: SnowConvert
[09/08/2022 10:43:27] Debug: Finished executing the worker: SnowConvert
[09/08/2022 10:43:29] Info: Controller execution ended
